==========================================
SLURM_JOB_ID = 9485077
SLURM_SUBMIT_DIR = /home/qhaomin/NN_HJB/src
SLURM_JOB_NODELIST = mgpu01
==========================================
Iteration 0
Elapsed time for kappa 50.6054 sec
Elapsed time for experts 40.8149 sec
Elapsed time for households 35.5330 sec
Iteration 1
Elapsed time for kappa 12.0751 sec
Elapsed time for experts 35.7055 sec
Elapsed time for households 32.3478 sec
Iteration 2
Elapsed time for kappa 8.5647 sec
Elapsed time for experts 35.3115 sec
Elapsed time for households 32.6930 sec
Iteration 3
Elapsed time for kappa 9.0137 sec
Elapsed time for experts 34.8109 sec
Elapsed time for households 32.0981 sec
Iteration 4
Elapsed time for kappa 8.7082 sec
Elapsed time for experts 34.9244 sec
Elapsed time for households 31.5681 sec
Iteration 5
Elapsed time for kappa 8.4329 sec
Elapsed time for experts 35.3494 sec
Elapsed time for households 31.7632 sec
Iteration 6
Elapsed time for kappa 8.1600 sec
Elapsed time for experts 35.7845 sec
Elapsed time for households 31.6561 sec
Iteration 7
Elapsed time for kappa 11.1281 sec
Elapsed time for experts 35.6982 sec
Elapsed time for households 31.7286 sec
Iteration 8
Elapsed time for kappa 8.7594 sec
Elapsed time for experts 35.3857 sec
Elapsed time for households 32.4061 sec
Iteration 9
Elapsed time for kappa 10.6393 sec
Elapsed time for experts 35.3449 sec
Elapsed time for households 31.6724 sec
Elapsed time for training 819.3881 sec
